c:\users\mihan\source\repos\test_pinvoke_swig\cpp_file\x64\debug\vc141.pdb
c:\users\mihan\source\repos\test_pinvoke_swig\cpp_file\x64\debug\vc141.idb
c:\users\mihan\source\repos\test_pinvoke_swig\cpp_file\x64\debug\cpp_file.obj
c:\users\mihan\source\repos\test_pinvoke_swig\cpp_file\x64\debug\cpp_file_wrap.obj
c:\users\mihan\source\repos\test_pinvoke_swig\_build\x64\debug\cpp_file.lib
c:\users\mihan\source\repos\test_pinvoke_swig\_build\x64\debug\cpp_file.exp
c:\users\mihan\source\repos\test_pinvoke_swig\cpp_file\cpp_file_wrap.cxx
c:\users\mihan\source\repos\test_pinvoke_swig\_build\x64\debug\cpp_file.ilk
c:\users\mihan\source\repos\test_pinvoke_swig\_build\x64\debug\cpp_file.dll
c:\users\mihan\source\repos\test_pinvoke_swig\_build\x64\debug\cpp_file.pdb
c:\users\mihan\source\repos\test_pinvoke_swig\\_build\x64\debug\cpp_file.pdb
c:\users\mihan\source\repos\test_pinvoke_swig\\_build\x64\debug\cpp_file.dll
c:\users\mihan\source\repos\test_pinvoke_swig\\_build\x64\debug\cpp_file.ilk
c:\users\mihan\source\repos\test_pinvoke_swig\cpp_file\x64\debug\cpp_file.tlog\cl.command.1.tlog
c:\users\mihan\source\repos\test_pinvoke_swig\cpp_file\x64\debug\cpp_file.tlog\cl.read.1.tlog
c:\users\mihan\source\repos\test_pinvoke_swig\cpp_file\x64\debug\cpp_file.tlog\cl.write.1.tlog
c:\users\mihan\source\repos\test_pinvoke_swig\cpp_file\x64\debug\cpp_file.tlog\cpp_file.write.1u.tlog
c:\users\mihan\source\repos\test_pinvoke_swig\cpp_file\x64\debug\cpp_file.tlog\custombuild.command.1.tlog
c:\users\mihan\source\repos\test_pinvoke_swig\cpp_file\x64\debug\cpp_file.tlog\custombuild.read.1.tlog
c:\users\mihan\source\repos\test_pinvoke_swig\cpp_file\x64\debug\cpp_file.tlog\custombuild.write.1.tlog
c:\users\mihan\source\repos\test_pinvoke_swig\cpp_file\x64\debug\cpp_file.tlog\link.command.1.tlog
c:\users\mihan\source\repos\test_pinvoke_swig\cpp_file\x64\debug\cpp_file.tlog\link.read.1.tlog
c:\users\mihan\source\repos\test_pinvoke_swig\cpp_file\x64\debug\cpp_file.tlog\link.write.1.tlog
